0 info it worked if it ends with ok
1 verbose cli [ '/usr/local/bin/node', '/usr/local/bin/npm', 'publish' ]
2 info using npm@2.14.12
3 info using node@v4.3.0
4 verbose publish [ '.' ]
5 silly cache add args [ '.', null ]
6 verbose cache add spec .
7 silly cache add parsed spec Result {
7 silly cache add   raw: '.',
7 silly cache add   scope: null,
7 silly cache add   name: null,
7 silly cache add   rawSpec: '.',
7 silly cache add   spec: '/Users/gillesdemey/Documents/waylay/is-waylay-module',
7 silly cache add   type: 'directory' }
8 verbose addLocalDirectory /Users/gillesdemey/.npm/is-waylay-module/1.0.0/package.tgz not in flight; packing
9 verbose tar pack [ '/Users/gillesdemey/.npm/is-waylay-module/1.0.0/package.tgz',
9 verbose tar pack   '/Users/gillesdemey/Documents/waylay/is-waylay-module' ]
10 verbose tarball /Users/gillesdemey/.npm/is-waylay-module/1.0.0/package.tgz
11 verbose folder /Users/gillesdemey/Documents/waylay/is-waylay-module
12 info prepublish is-waylay-module@1.0.0
13 verbose addLocalTarball adding from inside cache /Users/gillesdemey/.npm/is-waylay-module/1.0.0/package.tgz
14 silly cache afterAdd is-waylay-module@1.0.0
15 verbose afterAdd /Users/gillesdemey/.npm/is-waylay-module/1.0.0/package/package.json not in flight; writing
16 verbose afterAdd /Users/gillesdemey/.npm/is-waylay-module/1.0.0/package/package.json written
17 silly publish { name: 'is-waylay-module',
17 silly publish   version: '1.0.0',
17 silly publish   description: 'Check if a script / module is a valid waylay module',
17 silly publish   main: 'index.js',
17 silly publish   scripts: { lint: 'standard', test: 'npm run lint && tape test/test.js' },
17 silly publish   keywords: [ 'waylay', 'module' ],
17 silly publish   author: { name: 'Gilles De Mey', email: 'gilles@waylay.io' },
17 silly publish   license: 'ISC',
17 silly publish   dependencies: { falafel: '^1.2.0', 'lodash.get': '^4.1.2' },
17 silly publish   devDependencies: { standard: '^6.0.7', tape: '^4.4.0' },
17 silly publish   readme: '# is-waylay-module\n\nThis module will let you know if any given script is a valid waylay module.\n\nThis module uses [https://github.com/substack/node-falafel](https://github.com/substack/node-falafel) to transform the script to an\nAST and walks it recursively.\n\n## Usage\n\n```javascript\nvar fs = require(\'fs\')\nvar isWaylayModule = require(\'is-waylay-module\')\n\nvar script = fs.readFileSync(\'script.js\')\n\nvar isValid = isWaylayModule(script)\n\nconsole.log(isValid) // returns true or false\n\n```\n\n## Test\n\n`npm test`\n',
17 silly publish   readmeFilename: 'README.md',
17 silly publish   gitHead: 'ff2a49008a5b2a87019f3cf7f0e2ec39267a51f5',
17 silly publish   _id: 'is-waylay-module@1.0.0',
17 silly publish   _shasum: 'a9f36d2645f085fb7d7a96c9006fca996e8f62f6',
17 silly publish   _from: '.' }
18 verbose getPublishConfig undefined
19 silly mapToRegistry name is-waylay-module
20 silly mapToRegistry using default registry
21 silly mapToRegistry registry https://npm.waylay.io/
22 silly mapToRegistry uri https://npm.waylay.io/is-waylay-module
23 verbose publish registryBase https://npm.waylay.io/
24 silly publish uploading /Users/gillesdemey/.npm/is-waylay-module/1.0.0/package.tgz
25 verbose request uri https://npm.waylay.io/is-waylay-module
26 verbose request sending authorization for write operation
27 info attempt registry request try #1 at 7:25:13 PM
28 verbose request using bearer token for auth
29 verbose request id 2b75f0c90e3c353a
30 http request PUT https://npm.waylay.io/is-waylay-module
31 http 403 https://npm.waylay.io/is-waylay-module
32 verbose headers { server: 'nginx/1.9.3 (Ubuntu)',
32 verbose headers   date: 'Fri, 19 Feb 2016 18:25:13 GMT',
32 verbose headers   'content-type': 'application/json; charset=utf-8',
32 verbose headers   'content-length': '80',
32 verbose headers   connection: 'keep-alive',
32 verbose headers   'x-powered-by': 'Sinopia/1.4.0',
32 verbose headers   vary: 'Accept-Encoding',
32 verbose headers   'x-status-cat': 'http://flic.kr/p/aV6jFK' }
33 verbose request invalidating /Users/gillesdemey/.npm/npm.waylay.io/is-waylay-module on PUT
34 error publish Failed PUT 403
35 verbose stack Error: user gilles is not allowed to publish package is-waylay-module : is-waylay-module
35 verbose stack     at makeError (/usr/local/lib/node_modules/npm/node_modules/npm-registry-client/lib/request.js:264:12)
35 verbose stack     at CachingRegistryClient.<anonymous> (/usr/local/lib/node_modules/npm/node_modules/npm-registry-client/lib/request.js:252:14)
35 verbose stack     at Request._callback (/usr/local/lib/node_modules/npm/node_modules/npm-registry-client/lib/request.js:172:14)
35 verbose stack     at Request.self.callback (/usr/local/lib/node_modules/npm/node_modules/request/request.js:198:22)
35 verbose stack     at emitTwo (events.js:87:13)
35 verbose stack     at Request.emit (events.js:172:7)
35 verbose stack     at Request.<anonymous> (/usr/local/lib/node_modules/npm/node_modules/request/request.js:1082:10)
35 verbose stack     at emitOne (events.js:82:20)
35 verbose stack     at Request.emit (events.js:169:7)
35 verbose stack     at IncomingMessage.<anonymous> (/usr/local/lib/node_modules/npm/node_modules/request/request.js:1009:12)
36 verbose statusCode 403
37 verbose pkgid is-waylay-module
38 verbose cwd /Users/gillesdemey/Documents/waylay/is-waylay-module
39 error Darwin 15.3.0
40 error argv "/usr/local/bin/node" "/usr/local/bin/npm" "publish"
41 error node v4.3.0
42 error npm  v2.14.12
43 error code E403
44 error user gilles is not allowed to publish package is-waylay-module : is-waylay-module
45 error If you need help, you may report this error at:
45 error     <https://github.com/npm/npm/issues>
46 verbose exit [ 1, true ]
